2023/02/18

問題を読んだ。
https://atcoder.jp/contests/ahc018/tasks/ahc018_a

thunder本でAHCと盛り上がっているところに、本に載っていない未知の情報を突き止めるタイプの問題でうける。

Cが掘削の回数を制約するパラメタ。
頑丈さは直接は得られず、掘削の回数を上げると精度が上がる。

パーリンノイズは最近見たな。
SECCONか。
https://blog.arkark.dev/2022/11/18/seccon-ja/#misc-noiseccon

細部が異なるバージョンがあるらしい。
http://marupeke296.com/ALG_No3_PerlinNoize.html

テスターにパーリンノイズの実装は無し。
使っているのはこれか？
https://github.com/Razaekel/noise-rs/blob/develop/src/core/perlin.rs

```
    /// Internally this uses a `XorShiftRng`, but we don't really need to worry
    /// about cryptographic security when working with procedural noise.
```
https://github.com/Razaekel/noise-rs/blob/develop/src/permutationtable.rs

暗号論的乱数は使っていない。
乱数推測ができれば勝ちだが、難しいか。

インタラクティブ問題を実際に動かすのは面倒なので、テスターを自前で実装したい。
ということはパーリンノイズもいずれ必要になるし、理解を深めるためにまず実装するか。

改良パーリンノイズ、良く分からん……。

2023/02/19

サンプルと同じアルゴリズムを実装……したはずだけど、私のスコアと同じ 8,406,377,993 は3人。
EmKさんtek1031さん。
8,630,658,919が大量にいる。
これがサンプルプログラム？
何か違うのかな。
まあ、いいか。

ジャッジプログラム無しで動くようにした。

file     W K  C   time  num    score
0000.txt 1  9   2 0.929   8728   890256
0001.txt 3  2   1 0.193   1804   182204
0002.txt 1  4  32 0.641   6088   803616
0003.txt 3  1   1 0.117   1157   116857
0004.txt 3  6   1 1.245  12086  1220686
0005.txt 3  9 128 0.291   2866   653448
0006.txt 3  7   4 1.069  10284  1069536
0007.txt 1  6   2 0.411   3981   406062
0008.txt 2  2   4 0.202   1930   200720
0009.txt 1  1  64 0.048    461    75604
0010.txt 2  9  32 0.794   7555   997260
0011.txt 4  6   4 0.449   4324   449696
0012.txt 3  4 128 0.233   2325   530100
0013.txt 2  9  32 0.674   6611   872652
0014.txt 2  7  32 0.596   5599   739068
0015.txt 4  9   2 0.625   6160   628320
0016.txt 3  4 128 0.574   5503  1254684
0017.txt 2  8   1 0.584   5491   554591
0018.txt 4  3 128 0.342   3191   727548
0019.txt 1  9  32 0.706   6629   875028
0020.txt 4  1  16 0.071    692    80272
0021.txt 1  5   4 0.333   3161   328744
0022.txt 1  6   8 0.846   8048   869184
0023.txt 3  7   1 0.513   4952   500152
0024.txt 2  6   2 0.412   3972   405144
0025.txt 1  1   2 0.094    886    90372
0026.txt 1  1   2 0.119   1164   118728
0027.txt 1  7   2 0.444   4096   417792
0028.txt 3  8   4 0.190   1822   189488
0029.txt 2  9 128 0.479   4632  1056096
0030.txt 1  8 128 0.222   2195   500460
0031.txt 2  6   8 0.606   5888   635904
0032.txt 3  1 128 0.084    848   193344
0033.txt 3  7  64 0.445   4271   700444
0034.txt 1  7  32 0.324   3160   417120
0035.txt 2  1   4 0.354   3411   354744
0036.txt 4  2   4 0.123   1167   121368
0037.txt 1  7   2 0.731   7249   739398
0038.txt 1  8   4 0.778   7686   799344
0039.txt 4  1  64 0.115   1133   185812
0040.txt 1 10 128 0.765   7620  1737360
0041.txt 1  7  16 0.311   3043   352988
0042.txt 3  5   1 0.177   1750   176750
0043.txt 3  9  16 0.423   4022   466552
0044.txt 3  7   4 0.452   4463   464152
0045.txt 1  7  64 0.797   7769  1274116
0046.txt 1  9  64 0.878   8641  1417124
0047.txt 2  8 128 0.961   9419  2147532
0048.txt 2  3   1 0.170   1690   170690
0049.txt 4  3  32 0.349   3408   449856
0050.txt 3  9 128 0.381   3744   853632
0051.txt 2  4   4 0.323   3165   329160
0052.txt 2  9  16 0.241   2383   276428
0053.txt 2  9 128 0.451   4314   983592
0054.txt 3  7   4 0.445   4291   446264
0055.txt 3  1   2 0.261   2487   253674
0056.txt 3  9  32 1.342  12952  1709664
0057.txt 3  4  64 0.129   1288   211232
0058.txt 4  3  16 0.247   2370   274920
0059.txt 1  3   1 0.256   2416   244016
0060.txt 1  8   4 0.258   2519   261976
0061.txt 1  8   4 0.462   4412   458848
0062.txt 2  4 128 0.125   1147   261516
0063.txt 3  9  16 0.490   4769   553204
0064.txt 1  2 128 0.193   1931   440268
0065.txt 1  4  64 0.351   3379   554156
0066.txt 2  7   2 0.394   3796   387192
0067.txt 3  4 128 0.334   3196   728688
0068.txt 1  8   8 0.626   6032   651456
0069.txt 3 10  32 0.329   3098   408936
0070.txt 2 10   4 0.595   5606   583024
0071.txt 3  8   1 1.109  10681  1078781
0072.txt 1  6  64 0.344   3271   536444
0073.txt 3 10  64 1.124  10662  1748568
0074.txt 3  9 128 0.526   5056  1152768
0075.txt 2  6  32 0.484   4655   614460
0076.txt 1  7   2 0.647   6139   626178
0077.txt 4 10   1 0.707   6729   679629
0078.txt 3  7  32 0.227   2220   293040
0079.txt 1  5   4 0.621   5935   617240
0080.txt 4  7   8 0.581   5567   601236
0081.txt 4  4  32 0.092    918   121176
0082.txt 3  5   8 0.232   2282   246456
0083.txt 4  8   8 0.550   5366   579528
0084.txt 3 10   8 0.716   7027   758916
0085.txt 1  3   8 0.242   2366   255528
0086.txt 4  4  32 0.522   5008   661056
0087.txt 1 10   4 0.890   8676   902304
0088.txt 1  4 128 0.173   1691   385548
0089.txt 4  6   2 0.095    944    96288
0090.txt 1  8   2 0.529   5233   533766
0091.txt 3  4   8 0.273   2677   289116
0092.txt 4  8  16 0.260   2559   296844
0093.txt 3  7  64 0.815   7947  1303308
0094.txt 1  2   4 0.240   2331   242424
0095.txt 2  9   2 0.422   4160   424320
0096.txt 2  2   4 0.186   1791   186264
0097.txt 3  8  32 0.677   6395   844140
0098.txt 3  9  16 0.584   5618   651688
0099.txt 3  4   2 0.113   1100   112200

7d546a352b5743af1b7c4f10033873d24b62ef52

0000.txt 1  9   2 0.286   2666   271932
0001.txt 3  2   1 0.141   1310   132310
0002.txt 1  4  32 0.321   2985   394020
0003.txt 3  1   1 0.139   1340   135340
0004.txt 3  6   1 0.234   2253   227553
0005.txt 3  9 128 0.180   1681   383268
0006.txt 3  7   4 0.423   3870   402480
0007.txt 1  6   2 0.200   1933   197166
0008.txt 2  2   4 0.159   1536   159744
0009.txt 1  1  64 0.161   1564   256496
0010.txt 2  9  32 0.300   2813   371316
0011.txt 4  6   4 0.160   1453   151112
0012.txt 3  4 128 0.191   1757   400596
0013.txt 2  9  32 0.378   3583   472956
0014.txt 2  7  32 0.307   2823   372636
0015.txt 4  9   2 0.196   1762   179724
0016.txt 3  4 128 0.148   1306   297768
0017.txt 2  8   1 0.235   2116   213716
0018.txt 4  3 128 0.164   1569   357732
0019.txt 1  9  32 0.219   1943   256476
0020.txt 4  1  16 0.152   1523   176668
0021.txt 1  5   4 0.160   1471   152984
0022.txt 1  6   8 0.265   2489   268812
0023.txt 3  7   1 0.218   2017   203717
0024.txt 2  6   2 0.170   1498   152796
0025.txt 1  1   2 0.170   1664   169728
0026.txt 1  1   2 0.129   1252   127704
0027.txt 1  7   2 0.198   1821   185742
0028.txt 3  8   4 0.175   1612   167648
0029.txt 2  9 128 0.412   3751   855228
0030.txt 1  8 128 0.240   2295   523260
0031.txt 2  6   8 0.231   2147   231876
0032.txt 3  1 128 0.155   1547   352716
0033.txt 3  7  64 0.178   1600   262400
0034.txt 1  7  32 0.240   2220   293040
0035.txt 2  1   4 0.175   1659   172536
0036.txt 4  2   4 0.175   1595   165880
0037.txt 1  7   2 0.218   2085   212670
0038.txt 1  8   4 0.237   2103   218712
0039.txt 4  1  64 0.149   1443   236652
0040.txt 1 10 128 0.237   2053   468084
0041.txt 1  7  16 0.165   1480   171680
0042.txt 3  5   1 0.155   1446   146046
0043.txt 3  9  16 0.178   1643   190588
0044.txt 3  7   4 0.298   2769   287976
0045.txt 1  7  64 0.274   2489   408196
0046.txt 1  9  64 0.204   1938   317832
0047.txt 2  8 128 0.171   1516   345648
0048.txt 2  3   1 0.176   1717   173417
0049.txt 4  3  32 0.141   1336   176352
0050.txt 3  9 128 0.227   1990   453720
0051.txt 2  4   4 0.156   1432   148928
0052.txt 2  9  16 0.202   1816   210656
0053.txt 2  9 128 0.211   1961   447108
0054.txt 3  7   4 0.164   1582   164528
0055.txt 3  1   2 0.173   1669   170238
0056.txt 3  9  32 0.252   2373   313236
0057.txt 3  4  64 0.165   1556   255184
0058.txt 4  3  16 0.156   1498   173768
0059.txt 1  3   1 0.190   1796   181396
0060.txt 1  8   4 0.201   1878   195312
0061.txt 1  8   4 0.291   2779   289016
0062.txt 2  4 128 0.146   1306   297768
0063.txt 3  9  16 0.249   2184   253344
0064.txt 1  2 128 0.162   1574   358872
0065.txt 1  4  64 0.205   1868   306352
0066.txt 2  7   2 0.202   1812   184824
0067.txt 3  4 128 0.244   2337   532836
0068.txt 1  8   8 0.316   2968   320544
0069.txt 3 10  32 0.193   1744   230208
0070.txt 2 10   4 0.197   1786   185744
0071.txt 3  8   1 0.249   2377   240077
0072.txt 1  6  64 0.174   1639   268796
0073.txt 3 10  64 0.225   1963   321932
0074.txt 3  9 128 0.222   1945   443460
0075.txt 2  6  32 0.250   2364   312048
0076.txt 1  7   2 0.315   3001   306102
0077.txt 4 10   1 0.267   2490   251490
0078.txt 3  7  32 0.181   1684   222288
0079.txt 1  5   4 0.346   3325   345800
0080.txt 4  7   8 0.184   1680   181440
0081.txt 4  4  32 0.144   1389   183348
0082.txt 3  5   8 0.231   2164   233712
0083.txt 4  8   8 0.201   1896   204768
0084.txt 3 10   8 0.235   2254   243432
0085.txt 1  3   8 0.154   1459   157572
0086.txt 4  4  32 0.149   1425   188100
0087.txt 1 10   4 0.328   2983   310232
0088.txt 1  4 128 0.264   2471   563388
0089.txt 4  6   2 0.137   1270   129540
0090.txt 1  8   2 0.266   2527   257754
0091.txt 3  4   8 0.201   1884   203472
0092.txt 4  8  16 0.166   1538   178408
0093.txt 3  7  64 0.187   1782   292248
0094.txt 1  2   4 0.151   1472   153088
0095.txt 2  9   2 0.255   2276   232152
0096.txt 2  2   4 0.167   1587   165048
0097.txt 3  8  32 0.190   1723   227436
0098.txt 3  9  16 0.225   2109   244644
0099.txt 3  4   2 0.198   1863   190026

620e44000868d65357449b9508d0016d25e23311

0000.txt 1  9   2 0.328   2194   223788
0001.txt 3  2   1 0.085    521    52621
0002.txt 1  4  32 0.278   2180   287760
0003.txt 3  1   1 0.055    433    43733
0004.txt 3  6   1 0.193   1266   127866
0005.txt 3  9 128 0.197   1118   254904
0006.txt 3  7   4 0.384   3035   315640
0007.txt 1  6   2 0.200   1362   138924
0008.txt 2  2   4 0.094    670    69680
0009.txt 1  1  64 0.068    532    87248
0010.txt 2  9  32 0.430   3325   438900
0011.txt 4  6   4 0.142    802    83408
0012.txt 3  4 128 0.177   1165   265620
0013.txt 2  9  32 0.339   2577   340164
0014.txt 2  7  32 0.297   2057   271524
0015.txt 4  9   2 0.263   1645   167790
0016.txt 3  4 128 0.123    578   131784
0017.txt 2  8   1 0.238   1422   143622
0018.txt 4  3 128 0.119    752   171456
0019.txt 1  9  32 0.248   1482   195624
0020.txt 4  1  16 0.106    888   103008
0021.txt 1  5   4 0.166    977   101608
0022.txt 1  6   8 0.307   2219   239652
0023.txt 3  7   1 0.193   1176   118776
0024.txt 2  6   2 0.177   1000   102000
0025.txt 1  1   2 0.098    748    76296
0026.txt 1  1   2 0.111    864    88128
0027.txt 1  7   2 0.200   1187   121074
0028.txt 3  8   4 0.197   1080   112320
0029.txt 2  9 128 0.424   3121   711588
0030.txt 1  8 128 0.210   1411   321708
0031.txt 2  6   8 0.228   1603   173124
0032.txt 3  1 128 0.091    717   163476
0033.txt 3  7  64 0.182   1160   190240
0034.txt 1  7  32 0.252   1603   211596
0035.txt 2  1   4 0.105    740    76960
0036.txt 4  2   4 0.131   1108   115232
0037.txt 1  7   2 0.261   1767   180234
0038.txt 1  8   4 0.288   1861   193544
0039.txt 4  1  64 0.071    566    92824
0040.txt 1 10 128 0.256   1463   333564
0041.txt 1  7  16 0.163    918   106488
0042.txt 3  5   1 0.143    747    75447
0043.txt 3  9  16 0.200   1059   122844
0044.txt 3  7   4 0.298   1957   203528
0045.txt 1  7  64 0.286   1999   327836
0046.txt 1  9  64 0.274   1878   307992
0047.txt 2  8 128 0.134    669   152532
0048.txt 2  3   1 0.170   1140   115140
0049.txt 4  3  32 0.138    773   102036
0050.txt 3  9 128 0.258   1523   347244
0051.txt 2  4   4 0.137    811    84344
0052.txt 2  9  16 0.194   1072   124352
0053.txt 2  9 128 0.247   1427   325356
0054.txt 3  7   4 0.138    685    71240
0055.txt 3  1   2 0.097    692    70584
0056.txt 3  9  32 0.256   1500   198000
0057.txt 3  4  64 0.128    812   133168
0058.txt 4  3  16 0.104    647    75052
0059.txt 1  3   1 0.156   1087   109787
0060.txt 1  8   4 0.200   1290   134160
0061.txt 1  8   4 0.327   1984   206336
0062.txt 2  4 128 0.097    554   126312
0063.txt 3  9  16 0.277   1766   204856
0064.txt 1  2 128 0.115    859   195852
0065.txt 1  4  64 0.190   1257   206148
0066.txt 2  7   2 0.175   1037   105774
0067.txt 3  4 128 0.277   2096   477888
0068.txt 1  8   8 0.408   3031   327348
0069.txt 3 10  32 0.251   1404   185328
0070.txt 2 10   4 0.202   1078   112112
0071.txt 3  8   1 0.311   2150   217150
0072.txt 1  6  64 0.152    908   148912
0073.txt 3 10  64 0.237   1379   226156
0074.txt 3  9 128 0.212   1220   278160
0075.txt 2  6  32 0.279   1779   234828
0076.txt 1  7   2 0.334   2430   247860
0077.txt 4 10   1 0.257   1667   168367
0078.txt 3  7  32 0.207   1224   161568
0079.txt 1  5   4 0.315   2471   256984
0080.txt 4  7   8 0.188   1088   117504
0081.txt 4  4  32 0.127    666    87912
0082.txt 3  5   8 0.230   1626   175608
0083.txt 4  8   8 0.195   1134   122472
0084.txt 3 10   8 0.268   1831   197748
0085.txt 1  3   8 0.137    882    95256
0086.txt 4  4  32 0.100    571    75372
0087.txt 1 10   4 0.366   2578   268112
0088.txt 1  4 128 0.214   1556   354768
0089.txt 4  6   2 0.114    516    52632
0090.txt 1  8   2 0.259   1871   190842
0091.txt 3  4   8 0.161   1026   110808
0092.txt 4  8  16 0.192    994   115304
0093.txt 3  7  64 0.138    814   133496
0094.txt 1  2   4 0.121    799    83096
0095.txt 2  9   2 0.298   1775   181050
0096.txt 2  2   4 0.134    907    94328
0097.txt 3  8  32 0.221   1243   164076
0098.txt 3  9  16 0.220   1343   155788
0099.txt 3  4   2 0.130    866    88332


f14c91ae3f046a94275915c577f2f7d07a1c6c8d

0000.txt 1  9   2 0.301   1873   203208
0001.txt 3  2   1 0.089    516    44175
0002.txt 1  4  32 0.200   1375   258971
0003.txt 3  1   1 0.058    441    36553
0004.txt 3  6   1 0.157    930   116709
0005.txt 3  9 128 0.214   1182   234463
0006.txt 3  7   4 0.251   1576   312764
0007.txt 1  6   2 0.192   1156   118594
0008.txt 2  2   4 0.088    633    59434
0009.txt 1  1  64 0.065    500    78583
0010.txt 2  9  32 0.242   1653   403038
0011.txt 4  6   4 0.129    779    65231
0012.txt 3  4 128 0.145    985   231756
0013.txt 2  9  32 0.251   1623   299581
0014.txt 2  7  32 0.238   1569   250728
0015.txt 4  9   2 0.205   1197   148151
0016.txt 3  4 128 0.106    609   119841
0017.txt 2  8   1 0.208   1309   116070
0018.txt 4  3 128 0.098    657   152729
0019.txt 1  9  32 0.256   1522   169587
0020.txt 4  1  16 0.049    337   104542
0021.txt 1  5   4 0.150   1017    72773
0022.txt 1  6   8 0.226   1520   224251
0023.txt 3  7   1 0.164   1034   106719
0024.txt 2  6   2 0.174   1053    77201
0025.txt 1  1   2 0.088    657    67867
0026.txt 1  1   2 0.074    561    86869
0027.txt 1  7   2 0.187   1181    95010
0028.txt 3  8   4 0.187   1143    84958
0029.txt 2  9 128 0.240   1550   534666
0030.txt 1  8 128 0.173   1102   264866
0031.txt 2  6   8 0.192   1389   151927
0032.txt 3  1 128 0.082    677   148828
0033.txt 3  7  64 0.157   1057   159404
0034.txt 1  7  32 0.197   1260   189980
0035.txt 2  1   4 0.083    625    66415
0036.txt 4  2   4 0.064    478   129702
0037.txt 1  7   2 0.231   1495   161202
0038.txt 1  8   4 0.235   1418   171286
0039.txt 4  1  64 0.061    483    82958
0040.txt 1 10 128 0.244   1436   296980
0041.txt 1  7  16 0.150    972    84120
0042.txt 3  5   1 0.150    772    60626
0043.txt 3  9  16 0.186   1095    95136
0044.txt 3  7   4 0.256   1618   189849
0045.txt 1  7  64 0.233   1564   294390
0046.txt 1  9  64 0.182   1078   260426
0047.txt 2  8 128 0.126    685   132389
0048.txt 2  3   1 0.138    961   106517
0049.txt 4  3  32 0.124    817    86996
0050.txt 3  9 128 0.214   1174   288042
0051.txt 2  4   4 0.130    865    63305
0052.txt 2  9  16 0.184   1125    99176
0053.txt 2  9 128 0.236   1442   301792
0054.txt 3  7   4 0.114    688    56709
0055.txt 3  1   2 0.083    500    63878
0056.txt 3  9  32 0.215   1192   175760
0057.txt 3  4  64 0.112    784   118238
0058.txt 4  3  16 0.084    577    66892
0059.txt 1  3   1 0.153   1113    89652
0060.txt 1  8   4 0.188   1257   106015
0061.txt 1  8   4 0.231   1524   189969
0062.txt 2  4 128 0.095    580   114108
0063.txt 3  9  16 0.255   1574   172195
0064.txt 1  2 128 0.105    786   175542
0065.txt 1  4  64 0.167   1147   182315
0066.txt 2  7   2 0.162    993    82882
0067.txt 3  4 128 0.167   1141   349477
0068.txt 1  8   8 0.269   1735   314414
0069.txt 3 10  32 0.235   1405   149262
0070.txt 2 10   4 0.185   1047    91543
0071.txt 3  8   1 0.201   1215   217515
0072.txt 1  6  64 0.137    906   127791
0073.txt 3 10  64 0.223   1339   204990
0074.txt 3  9 128 0.188   1016   230698
0075.txt 2  6  32 0.234   1535   212660
0076.txt 1  7   2 0.251   1689   228460
0077.txt 4 10   1 0.204   1329   154464
0078.txt 3  7  32 0.201   1231   138733
0079.txt 1  5   4 0.185   1280   255307
0080.txt 4  7   8 0.181   1056    97851
0081.txt 4  4  32 0.120    691    76513
0082.txt 3  5   8 0.197   1307   159899
0083.txt 4  8   8 0.172   1027   102896
0084.txt 3 10   8 0.221   1380   183878
0085.txt 1  3   8 0.119    896    75998
0086.txt 4  4  32 0.091    587    61761
0087.txt 1 10   4 0.295   1845   244419
0088.txt 1  4 128 0.146   1045   288253
0089.txt 4  6   2 0.102    563    36997
0090.txt 1  8   2 0.178   1141   178543
0091.txt 3  4   8 0.146    956    94521
0092.txt 4  8  16 0.179   1014    94027
0093.txt 3  7  64 0.140    783   115971
0094.txt 1  2   4 0.105    819    66564
0095.txt 2  9   2 0.258   1514   150303
0096.txt 2  2   4 0.122    938    80009
0097.txt 3  8  32 0.211   1200   137625
0098.txt 3  9  16 0.183   1151   135192
0099.txt 3  4   2 0.119    791    77122


5c85f7ad13b1c8f5da8e730905c728c7d66976ea

0000.txt 1  9   2 0.500   4482   289148
0001.txt 3  2   1 0.152   1128    24013
0002.txt 1  4  32 0.201   1159   207759
0003.txt 3  1   1 0.134   1124    34987
0004.txt 3  6   1 0.391   3324    89020
0005.txt 3  9 128 0.238    982   210304
0006.txt 3  7   4 0.454   3495   280535
0007.txt 1  6   2 0.319   2865   105086
0008.txt 2  2   4 0.183   1391    44362
0009.txt 1  1  64 0.064    605    76490
0010.txt 2  9  32 0.298   1549   383414
0011.txt 4  6   4 0.234   1411    36588
0012.txt 3  4 128 0.138    668   193369
0013.txt 2  9  32 0.273   1444   266105
0014.txt 2  7  32 0.288   1385   248942
0015.txt 4  9   2 0.254   2228    58349
0016.txt 3  4 128 0.133    517   103585
0017.txt 2  8   1 0.455   3278    99817
0018.txt 4  3 128 0.112    455   124081
0019.txt 1  9  32 0.283   1482   138031
0020.txt 4  1  16 0.050    362    89875
0021.txt 1  5   4 0.253   1631    39499
0022.txt 1  6   8 0.357   2560   196562
0023.txt 3  7   1 0.431   3368    93497
0024.txt 2  6   2 0.229   1976    48329
0025.txt 1  1   2 0.199   1879   121177
0026.txt 1  1   2 0.138   1282    30619
0027.txt 1  7   2 0.267   2254    58918
0028.txt 3  8   4 0.320   1965    56341
0029.txt 2  9 128 0.241    999   560310
0030.txt 1  8 128 0.176    789   211230
0031.txt 2  6   8 0.339   2274   122004
0032.txt 3  1 128 0.063    335    79236
0033.txt 3  7  64 0.120    998   166809
0034.txt 1  7  32 0.240   1203   156744
0035.txt 2  1   4 0.156   1183    53714
0036.txt 4  2   4 0.137   1105    65082
0037.txt 1  7   2 0.413   3614   131302
0038.txt 1  8   4 0.372   2492   144089
0039.txt 4  1  64 0.060    576    75619
0040.txt 1 10 128 0.235   1023   256928
0041.txt 1  7  16 0.173   1095    56657
0042.txt 3  5   1 0.230   1567    30364
0043.txt 3  9  16 0.217   1290    64201
0044.txt 3  7   4 0.489   3541   160954
0045.txt 1  7  64 0.161   1370   289371
0046.txt 1  9  64 0.127   1018   216926
0047.txt 2  8 128 0.152    588   111315
0048.txt 2  3   1 0.286   2311    47573
0049.txt 4  3  32 0.156    725    85586
0050.txt 3  9 128 0.227    869   234448
0051.txt 2  4   4 0.212   1413    36099
0052.txt 2  9  16 0.208   1321    72856
0053.txt 2  9 128 0.230    952   283663
0054.txt 3  7   4 0.207   1255    33674
0055.txt 3  1   2 0.169   1423    55514
0056.txt 3  9  32 0.423   1212   162041
0057.txt 3  4  64 0.091    819    92806
0058.txt 4  3  16 0.093    691    45788
0059.txt 1  3   1 0.370   3315    77153
0060.txt 1  8   4 0.338   2318    67306
0061.txt 1  8   4 0.455   3262   161505
0062.txt 2  4 128 0.109    496   102142
0063.txt 3  9  16 0.243   1636   137459
0064.txt 1  2 128 0.098    537   121974
0065.txt 1  4  64 0.129   1058   162656
0066.txt 2  7   2 0.216   1933    51998
0067.txt 3  4 128 0.153    707   279457
0068.txt 1  8   8 0.413   2862   249920
0069.txt 3 10  32 0.294   1326   115684
0070.txt 2 10   4 0.338   2107    63948
0071.txt 3  8   1 0.520   4172   163972
0072.txt 1  6  64 0.112    941   107362
0073.txt 3 10  64 0.162   1317   190512
0074.txt 3  9 128 0.200    755   200152
0075.txt 2  6  32 0.261   1365   183787
0076.txt 1  7   2 0.505   4637   383197
0077.txt 4 10   1 0.510   4082   110686
0078.txt 3  7  32 0.236   1179   115617
0079.txt 1  5   4 0.351   2576   202244
0080.txt 4  7   8 0.260   1544    86451
0081.txt 4  4  32 0.145    642    63259
0082.txt 3  5   8 0.289   1920   157522
0083.txt 4  8   8 0.280   1711    78734
0084.txt 3 10   8 0.298   1857    98767
0085.txt 1  3   8 0.188   1288   103837
0086.txt 4  4  32 0.128    571    50201
0087.txt 1 10   4 0.559   3958   217598
0088.txt 1  4 128 0.138    720   243889
0089.txt 4  6   2 0.129   1048    24391
0090.txt 1  8   2 0.320   2892   127494
0091.txt 3  4   8 0.228   1439    69251
0092.txt 4  8  16 0.178   1024    55042
0093.txt 3  7  64 0.112    913   109087
0094.txt 1  2   4 0.225   1692   107612
0095.txt 2  9   2 0.359   3102   105791
0096.txt 2  2   4 0.250   1970   109975
0097.txt 3  8  32 0.284   1200   131853
0098.txt 3  9  16 0.207   1346    97192
0099.txt 3  4   2 0.221   1941    58706


df7c9a2c8b2a64c5e6688aecab3f5770a8c41580

0000.txt 1  9   2 0.467   4068   280988
0001.txt 3  2   1 0.179   1322    71180
0002.txt 1  4  32 0.178   1012   265437
0003.txt 3  1   1 0.132   1046    37268
0004.txt 3  6   1 0.348   2957    87656
0005.txt 3  9 128 0.214    813   241887
0006.txt 3  7   4 0.346   2454   381244
0007.txt 1  6   2 0.298   2640   101451
0008.txt 2  2   4 0.152   1098    36407
0009.txt 1  1  64 0.061    569    72062
0010.txt 2  9  32 0.284   1478   357103
0011.txt 4  6   4 0.212   1209    43854
0012.txt 3  4 128 0.138    578   217007
0013.txt 2  9  32 0.255   1280   252982
0014.txt 2  7  32 0.255   1159   249817
0015.txt 4  9   2 0.265   2203    57363
0016.txt 3  4 128 0.108    447    86640
0017.txt 2  8   1 0.477   3718   154377
0018.txt 4  3 128 0.090    356    98361
0019.txt 1  9  32 